<?xml version="1.0" encoding="UTF-8"?>
<testng-results ignored="0" total="9" passed="9" failed="0" skipped="0">
  <reporter-output>
  </reporter-output>
  <suite started-at="2022-09-05T22:36:33 IST" name="Default suite" finished-at="2022-09-05T22:37:21 IST" duration-ms="47899">
    <groups>
    </groups>
    <test started-at="2022-09-05T22:36:33 IST" name="Default test" finished-at="2022-09-05T22:37:21 IST" duration-ms="47899">
      <class name="noBroker_TestCases.MAIN">
        <test-method is-config="true" signature="Initiate()[pri:0, instance:noBroker_TestCases.MAIN@48f2bd5b]" started-at="2022-09-05T22:36:33 IST" name="Initiate" finished-at="2022-09-05T22:36:49 IST" duration-ms="16255" status="PASS">
          <reporter-output>
          </reporter-output>
        </test-method> <!-- Initiate -->
        <test-method signature="Buy()[pri:1, instance:noBroker_TestCases.MAIN@48f2bd5b]" started-at="2022-09-05T22:36:49 IST" name="Buy" finished-at="2022-09-05T22:36:50 IST" duration-ms="408" status="PASS">
          <reporter-output>
          </reporter-output>
        </test-method> <!-- Buy -->
        <test-method signature="SelectCity(int)[pri:2, instance:noBroker_TestCases.MAIN@48f2bd5b]" started-at="2022-09-05T22:36:50 IST" name="SelectCity" data-provider="bhk" finished-at="2022-09-05T22:37:01 IST" duration-ms="10949" status="PASS">
          <params>
            <param index="0">
              <value>
                <![CDATA[1]]>
              </value>
            </param>
          </params>
          <reporter-output>
          </reporter-output>
        </test-method> <!-- SelectCity -->
        <test-method signature="AssignStreet(int)[pri:3, instance:noBroker_TestCases.MAIN@48f2bd5b]" started-at="2022-09-05T22:37:01 IST" name="AssignStreet" data-provider="bhk" finished-at="2022-09-05T22:37:04 IST" duration-ms="3415" status="PASS">
          <params>
            <param index="0">
              <value>
                <![CDATA[3]]>
              </value>
            </param>
          </params>
          <reporter-output>
          </reporter-output>
        </test-method> <!-- AssignStreet -->
        <test-method signature="AssignStreet(int)[pri:3, instance:noBroker_TestCases.MAIN@48f2bd5b]" started-at="2022-09-05T22:37:04 IST" name="AssignStreet" data-provider="bhk" finished-at="2022-09-05T22:37:06 IST" duration-ms="1606" status="PASS">
          <params>
            <param index="0">
              <value>
                <![CDATA[4]]>
              </value>
            </param>
          </params>
          <reporter-output>
          </reporter-output>
        </test-method> <!-- AssignStreet -->
        <test-method signature="SelectBHK()[pri:4, instance:noBroker_TestCases.MAIN@48f2bd5b]" started-at="2022-09-05T22:37:06 IST" name="SelectBHK" finished-at="2022-09-05T22:37:07 IST" duration-ms="1092" status="PASS">
          <reporter-output>
          </reporter-output>
        </test-method> <!-- SelectBHK -->
        <test-method signature="AssignBHK(int)[pri:5, instance:noBroker_TestCases.MAIN@48f2bd5b]" started-at="2022-09-05T22:37:07 IST" name="AssignBHK" data-provider="bhk" finished-at="2022-09-05T22:37:08 IST" duration-ms="896" status="PASS">
          <params>
            <param index="0">
              <value>
                <![CDATA[3]]>
              </value>
            </param>
          </params>
          <reporter-output>
          </reporter-output>
        </test-method> <!-- AssignBHK -->
        <test-method signature="AssignBHK(int)[pri:5, instance:noBroker_TestCases.MAIN@48f2bd5b]" started-at="2022-09-05T22:37:08 IST" name="AssignBHK" data-provider="bhk" finished-at="2022-09-05T22:37:09 IST" duration-ms="1015" status="PASS">
          <params>
            <param index="0">
              <value>
                <![CDATA[4]]>
              </value>
            </param>
          </params>
          <reporter-output>
          </reporter-output>
        </test-method> <!-- AssignBHK -->
        <test-method signature="searchbutton()[pri:6, instance:noBroker_TestCases.MAIN@48f2bd5b]" started-at="2022-09-05T22:37:09 IST" name="searchbutton" finished-at="2022-09-05T22:37:10 IST" duration-ms="1652" status="PASS">
          <reporter-output>
          </reporter-output>
        </test-method> <!-- searchbutton -->
        <test-method signature="FourthElement()[pri:7, instance:noBroker_TestCases.MAIN@48f2bd5b]" started-at="2022-09-05T22:37:10 IST" name="FourthElement" finished-at="2022-09-05T22:37:21 IST" duration-ms="10471" status="PASS">
          <reporter-output>
          </reporter-output>
        </test-method> <!-- FourthElement -->
      </class> <!-- noBroker_TestCases.MAIN -->
    </test> <!-- Default test -->
  </suite> <!-- Default suite -->
</testng-results>
