<?xml version="1.0" encoding="UTF-8"?>
<testng-results ignored="0" total="9" passed="9" failed="0" skipped="0">
  <reporter-output>
  </reporter-output>
  <suite started-at="2022-09-05T23:23:00 IST" name="Default suite" finished-at="2022-09-05T23:23:51 IST" duration-ms="50341">
    <groups>
    </groups>
    <test started-at="2022-09-05T23:23:00 IST" name="Default test" finished-at="2022-09-05T23:23:51 IST" duration-ms="50341">
      <class name="noBroker_TestCases.MAIN">
        <test-method is-config="true" signature="Initiate()[pri:0, instance:noBroker_TestCases.MAIN@a1153bc]" started-at="2022-09-05T23:23:00 IST" name="Initiate" finished-at="2022-09-05T23:23:14 IST" duration-ms="13932" status="PASS">
          <reporter-output>
          </reporter-output>
        </test-method> <!-- Initiate -->
        <test-method signature="Buy()[pri:1, instance:noBroker_TestCases.MAIN@a1153bc]" started-at="2022-09-05T23:23:14 IST" name="Buy" finished-at="2022-09-05T23:23:15 IST" duration-ms="709" status="PASS">
          <reporter-output>
          </reporter-output>
        </test-method> <!-- Buy -->
        <test-method signature="SelectCity(int)[pri:2, instance:noBroker_TestCases.MAIN@a1153bc]" started-at="2022-09-05T23:23:15 IST" name="SelectCity" data-provider="bhk" finished-at="2022-09-05T23:23:26 IST" duration-ms="10837" status="PASS">
          <params>
            <param index="0">
              <value>
                <![CDATA[1]]>
              </value>
            </param>
          </params>
          <reporter-output>
          </reporter-output>
        </test-method> <!-- SelectCity -->
        <test-method signature="AssignStreet(int)[pri:3, instance:noBroker_TestCases.MAIN@a1153bc]" started-at="2022-09-05T23:23:26 IST" name="AssignStreet" data-provider="bhk" finished-at="2022-09-05T23:23:28 IST" duration-ms="2081" status="PASS">
          <params>
            <param index="0">
              <value>
                <![CDATA[3]]>
              </value>
            </param>
          </params>
          <reporter-output>
          </reporter-output>
        </test-method> <!-- AssignStreet -->
        <test-method signature="AssignStreet(int)[pri:3, instance:noBroker_TestCases.MAIN@a1153bc]" started-at="2022-09-05T23:23:28 IST" name="AssignStreet" data-provider="bhk" finished-at="2022-09-05T23:23:32 IST" duration-ms="3660" status="PASS">
          <params>
            <param index="0">
              <value>
                <![CDATA[4]]>
              </value>
            </param>
          </params>
          <reporter-output>
          </reporter-output>
        </test-method> <!-- AssignStreet -->
        <test-method signature="SelectBHK()[pri:4, instance:noBroker_TestCases.MAIN@a1153bc]" started-at="2022-09-05T23:23:32 IST" name="SelectBHK" finished-at="2022-09-05T23:23:32 IST" duration-ms="425" status="PASS">
          <reporter-output>
          </reporter-output>
        </test-method> <!-- SelectBHK -->
        <test-method signature="AssignBHK(int)[pri:5, instance:noBroker_TestCases.MAIN@a1153bc]" started-at="2022-09-05T23:23:32 IST" name="AssignBHK" data-provider="bhk" finished-at="2022-09-05T23:23:33 IST" duration-ms="430" status="PASS">
          <params>
            <param index="0">
              <value>
                <![CDATA[3]]>
              </value>
            </param>
          </params>
          <reporter-output>
          </reporter-output>
        </test-method> <!-- AssignBHK -->
        <test-method signature="AssignBHK(int)[pri:5, instance:noBroker_TestCases.MAIN@a1153bc]" started-at="2022-09-05T23:23:33 IST" name="AssignBHK" data-provider="bhk" finished-at="2022-09-05T23:23:34 IST" duration-ms="881" status="PASS">
          <params>
            <param index="0">
              <value>
                <![CDATA[4]]>
              </value>
            </param>
          </params>
          <reporter-output>
          </reporter-output>
        </test-method> <!-- AssignBHK -->
        <test-method signature="searchbutton()[pri:6, instance:noBroker_TestCases.MAIN@a1153bc]" started-at="2022-09-05T23:23:34 IST" name="searchbutton" finished-at="2022-09-05T23:23:40 IST" duration-ms="6454" status="PASS">
          <reporter-output>
          </reporter-output>
        </test-method> <!-- searchbutton -->
        <test-method signature="FourthElement()[pri:7, instance:noBroker_TestCases.MAIN@a1153bc]" started-at="2022-09-05T23:23:40 IST" name="FourthElement" finished-at="2022-09-05T23:23:49 IST" duration-ms="9234" status="PASS">
          <reporter-output>
          </reporter-output>
        </test-method> <!-- FourthElement -->
        <test-method is-config="true" signature="ExitBrowser()[pri:0, instance:noBroker_TestCases.MAIN@a1153bc]" started-at="2022-09-05T23:23:49 IST" name="ExitBrowser" finished-at="2022-09-05T23:23:51 IST" duration-ms="1479" status="PASS">
          <reporter-output>
          </reporter-output>
        </test-method> <!-- ExitBrowser -->
      </class> <!-- noBroker_TestCases.MAIN -->
    </test> <!-- Default test -->
  </suite> <!-- Default suite -->
</testng-results>
