<?xml version="1.0" encoding="UTF-8"?>
<!-- Generated by org.testng.reporters.JUnitXMLReporter -->
<testsuite ignored="0" hostname="JYOTHI" failures="0" tests="9" name="Default test" time="47.899" errors="0" timestamp="2022-09-05T22:37:21 IST">
  <testcase classname="noBroker_TestCases.MAIN" name="Buy" time="0.408"/>
  <testcase classname="noBroker_TestCases.MAIN" name="SelectCity" time="10.949"/>
  <testcase classname="noBroker_TestCases.MAIN" name="AssignStreet" time="3.415"/>
  <testcase classname="noBroker_TestCases.MAIN" name="AssignStreet" time="1.606"/>
  <testcase classname="noBroker_TestCases.MAIN" name="SelectBHK" time="1.092"/>
  <testcase classname="noBroker_TestCases.MAIN" name="AssignBHK" time="0.896"/>
  <testcase classname="noBroker_TestCases.MAIN" name="AssignBHK" time="1.015"/>
  <testcase classname="noBroker_TestCases.MAIN" name="searchbutton" time="1.652"/>
  <testcase classname="noBroker_TestCases.MAIN" name="FourthElement" time="10.471"/>
</testsuite> <!-- Default test -->
