<?xml version="1.0" encoding="UTF-8"?>
<!-- Generated by org.testng.reporters.JUnitXMLReporter -->
<testsuite ignored="0" hostname="JYOTHI" failures="0" tests="9" name="Default test" time="34.431" errors="0" timestamp="2022-09-05T11:46:38 IST">
  <testcase classname="nobroker.MAIN" name="Buy" time="0.761"/>
  <testcase classname="nobroker.MAIN" name="SelectCity" time="4.574"/>
  <testcase classname="nobroker.MAIN" name="AssignStreet" time="1.565"/>
  <testcase classname="nobroker.MAIN" name="AssignStreet" time="1.183"/>
  <testcase classname="nobroker.MAIN" name="SelectBHK" time="0.766"/>
  <testcase classname="nobroker.MAIN" name="AssignBHK" time="0.425"/>
  <testcase classname="nobroker.MAIN" name="AssignBHK" time="0.891"/>
  <testcase classname="nobroker.MAIN" name="searchbutton" time="0.899"/>
  <testcase classname="nobroker.MAIN" name="FourthElement" time="8.594"/>
</testsuite> <!-- Default test -->
